0 info it worked if it ends with ok
1 verbose cli [ '/Users/aysun/.nvm/versions/node/v6.13.1/bin/node',
1 verbose cli   '/Users/aysun/.nvm/versions/node/v6.13.1/bin/npm',
1 verbose cli   'run',
1 verbose cli   'seed:db' ]
2 info using npm@3.10.10
3 info using node@v6.13.1
4 verbose run-script [ 'preseed:db', 'seed:db', 'postseed:db' ]
5 info lifecycle OpenTable@1.0.0~preseed:db: OpenTable@1.0.0
6 silly lifecycle OpenTable@1.0.0~preseed:db: no script for preseed:db, continuing
7 info lifecycle OpenTable@1.0.0~seed:db: OpenTable@1.0.0
8 verbose lifecycle OpenTable@1.0.0~seed:db: unsafe-perm in lifecycle true
9 verbose lifecycle OpenTable@1.0.0~seed:db: PATH: /Users/aysun/.nvm/versions/node/v6.13.1/lib/node_modules/npm/bin/node-gyp-bin:/Users/aysun/Documents/hr/service-reservation-aysun/node_modules/.bin:/usr/local/opt/mysql@5.7/bin:/Users/aysun/.nvm/versions/node/v6.13.1/bin:/usr/local/bin:/usr/bin:/bin:/usr/sbin:/sbin:/usr/local/mysql/bin:/usr/local/opt/mysql@5.7/bin:/Users/aysun/.nvm/versions/node/v6.13.1/bin
10 verbose lifecycle OpenTable@1.0.0~seed:db: CWD: /Users/aysun/Documents/hr/service-reservation-aysun
11 silly lifecycle OpenTable@1.0.0~seed:db: Args: [ '-c',
11 silly lifecycle   'mysql -u root < schema.sql && node database/generate.js' ]
12 silly lifecycle OpenTable@1.0.0~seed:db: Returned: code: 1  signal: null
13 info lifecycle OpenTable@1.0.0~seed:db: Failed to exec seed:db script
14 verbose stack Error: OpenTable@1.0.0 seed:db: `mysql -u root < schema.sql && node database/generate.js`
14 verbose stack Exit status 1
14 verbose stack     at EventEmitter.<anonymous> (/Users/aysun/.nvm/versions/node/v6.13.1/lib/node_modules/npm/lib/utils/lifecycle.js:255:16)
14 verbose stack     at emitTwo (events.js:106:13)
14 verbose stack     at EventEmitter.emit (events.js:191:7)
14 verbose stack     at ChildProcess.<anonymous> (/Users/aysun/.nvm/versions/node/v6.13.1/lib/node_modules/npm/lib/utils/spawn.js:40:14)
14 verbose stack     at emitTwo (events.js:106:13)
14 verbose stack     at ChildProcess.emit (events.js:191:7)
14 verbose stack     at maybeClose (internal/child_process.js:920:16)
14 verbose stack     at Process.ChildProcess._handle.onexit (internal/child_process.js:230:5)
15 verbose pkgid OpenTable@1.0.0
16 verbose cwd /Users/aysun/Documents/hr/service-reservation-aysun
17 error Darwin 18.2.0
18 error argv "/Users/aysun/.nvm/versions/node/v6.13.1/bin/node" "/Users/aysun/.nvm/versions/node/v6.13.1/bin/npm" "run" "seed:db"
19 error node v6.13.1
20 error npm  v3.10.10
21 error code ELIFECYCLE
22 error OpenTable@1.0.0 seed:db: `mysql -u root < schema.sql && node database/generate.js`
22 error Exit status 1
23 error Failed at the OpenTable@1.0.0 seed:db script 'mysql -u root < schema.sql && node database/generate.js'.
23 error Make sure you have the latest version of node.js and npm installed.
23 error If you do, this is most likely a problem with the OpenTable package,
23 error not with npm itself.
23 error Tell the author that this fails on your system:
23 error     mysql -u root < schema.sql && node database/generate.js
23 error You can get information on how to open an issue for this project with:
23 error     npm bugs OpenTable
23 error Or if that isn't available, you can get their info via:
23 error     npm owner ls OpenTable
23 error There is likely additional logging output above.
24 verbose exit [ 1, true ]
